<?xml version="1.0" encoding="UTF-8"?>
<testsuite name="co.com.choucair.services.soaprest.stepdefinitions.RestCreateUser" tests="0" skipped="0" failures="0" errors="0" timestamp="1970-01-01T00:00:00" hostname="USUARIO-PC" time="0.0">
  <properties/>
  <system-out><![CDATA[REGISTER BASE STEP LISTENER net.thucydides.core.steps.BaseStepListener@25c9fba0

?[31mFailed scenarios:?[0m
?[31msrc/test/resources/features/create_user.feature:4 ?[0m# Creation an user

1 Scenarios (?[31m1 failed?[0m)
2 Steps (?[31m1 failed?[0m, ?[36m1 skipped?[0m)
0m0.941s

java.lang.NullPointerException
	at net.serenitybdd.screenplay.actors.OnStage.theActorInTheSpotlight(OnStage.java:57)
	at co.com.choucair.services.soaprest.stepdefinitions.StepDefinitionRestCreateUser.youCreateAnUser(StepDefinitionRestCreateUser.java:21)
	at ?.you create an user(src/test/resources/features/create_user.feature:5)

]]></system-out>
  <system-err><![CDATA[[Test worker] INFO net.thucydides.core.steps.ConsoleLoggingListener - 

-------------------------------------------------------------------------------------
     _______. _______ .______       _______ .__   __.  __  .___________.____    ____ 
    /       ||   ____||   _  \     |   ____||  \ |  | |  | |           |\   \  /   / 
   |   (----`|  |__   |  |_)  |    |  |__   |   \|  | |  | `---|  |----` \   \/   /  
    \   \    |   __|  |      /     |   __|  |  . `  | |  |     |  |       \_    _/   
.----)   |   |  |____ |  |\  \----.|  |____ |  |\   | |  |     |  |         |  |     
|_______/    |_______|| _| `._____||_______||__| \__| |__|     |__|         |__|    
                                                                                     
 News and tutorials at http://www.serenity-bdd.info                                  
 Documentation at https://wakaleo.gitbooks.io/the-serenity-book/content/             
 Join the Serenity Community on Rocket Chat at https://serenity-bdd.rocket.chat      
 Serenity BDD Support and Training at http://serenity-bdd.info/#/trainingandsupport  
 Learn Serenity BDD online at http://serenity-dojo.com                               
-------------------------------------------------------------------------------------

[Test worker] INFO net.thucydides.core.steps.ConsoleLoggingListener - Test Suite Started: Create an user on Reqres.in
[Test worker] WARN net.thucydides.core.steps.BaseStepListener - testStarted: Creation an user/create-an-user-on-reqres.in;creation-an-user
[Test worker] INFO net.thucydides.core.steps.ConsoleLoggingListener - 
 _____ _____ ____ _____   ____ _____  _    ____ _____ _____ ____  
|_   _| ____/ ___|_   _| / ___|_   _|/ \  |  _ \_   _| ____|  _ \ 
  | | |  _| \___ \ | |   \___ \ | | / _ \ | |_) || | |  _| | | | |
  | | | |___ ___) || |    ___) || |/ ___ \|  _ < | | | |___| |_| |
  |_| |_____|____/ |_|   |____/ |_/_/   \_\_| \_\|_| |_____|____/ 
                                                                  

TEST STARTED: Creation an user
-------------------------------------------------------------------(create-an-user-on-reqres.in;creation-an-user)
]]></system-err>
</testsuite>
